<?xml version="1.0" encoding="UTF-8"?>
<testng-results skipped="0" failed="1" ignored="0" total="1" passed="0">
  <reporter-output>
  </reporter-output>
  <suite name="TF_IBilling_Regression2" duration-ms="29010" started-at="2022-04-08T17:42:39Z" finished-at="2022-04-08T17:43:08Z">
    <groups>
    </groups>
    <test name="TC_LoginTest_001" duration-ms="29010" started-at="2022-04-08T17:42:39Z" finished-at="2022-04-08T17:43:08Z">
      <class name="com.TF_ibilling.testCases.TC_TransactionTest_003">
        <test-method status="PASS" signature="init()[pri:0, instance:com.TF_ibilling.testCases.TC_TransactionTest_003@39c0f4a]" name="init" is-config="true" duration-ms="8204" started-at="2022-04-08T17:42:39Z" finished-at="2022-04-08T17:42:47Z">
          <reporter-output>
          </reporter-output>
        </test-method> <!-- init -->
        <test-method status="FAIL" signature="ValidUserShouldBeAbleToAccessAddCustomerMenu(java.lang.String, java.lang.String)[pri:0, instance:com.TF_ibilling.testCases.TC_TransactionTest_003@39c0f4a]" name="ValidUserShouldBeAbleToAccessAddCustomerMenu" duration-ms="20787" started-at="2022-04-08T17:42:47Z" finished-at="2022-04-08T17:43:08Z">
          <params>
            <param index="0">
              <value>
                <![CDATA[demo@techfios.com]]>
              </value>
            </param>
            <param index="1">
              <value>
                <![CDATA[abc123]]>
              </value>
            </param>
          </params>
          <exception class="java.lang.AssertionError">
            <message>
              <![CDATA[wrong page expected [Add Deposit] but found []]]>
            </message>
            <full-stacktrace>
              <![CDATA[java.lang.AssertionError: wrong page expected [Add Deposit] but found []
at org.testng.Assert.fail(Assert.java:96)
at org.testng.Assert.failNotEquals(Assert.java:776)
at org.testng.Assert.assertEqualsImpl(Assert.java:137)
at org.testng.Assert.assertEquals(Assert.java:118)
at org.testng.Assert.assertEquals(Assert.java:453)
at com.TF_ibilling.pages.TransactionPage.verifyTransactionAdded(TransactionPage.java:44)
at com.TF_ibilling.testCases.TC_TransactionTest_003.ValidUserShouldBeAbleToAccessAddCustomerMenu(TC_TransactionTest_003.java:57)
at sun.reflect.NativeMethodAccessorImpl.invoke0(Native Method)
at sun.reflect.NativeMethodAccessorImpl.invoke(NativeMethodAccessorImpl.java:62)
at sun.reflect.DelegatingMethodAccessorImpl.invoke(DelegatingMethodAccessorImpl.java:43)
at java.lang.reflect.Method.invoke(Method.java:498)
at org.testng.internal.MethodInvocationHelper.invokeMethod(MethodInvocationHelper.java:124)
at org.testng.internal.Invoker.invokeMethod(Invoker.java:583)
at org.testng.internal.Invoker.invokeTestMethod(Invoker.java:719)
at org.testng.internal.Invoker.invokeTestMethods(Invoker.java:989)
at org.testng.internal.TestMethodWorker.invokeTestMethods(TestMethodWorker.java:125)
at org.testng.internal.TestMethodWorker.run(TestMethodWorker.java:109)
at org.testng.TestRunner.privateRun(TestRunner.java:648)
at org.testng.TestRunner.run(TestRunner.java:505)
at org.testng.SuiteRunner.runTest(SuiteRunner.java:455)
at org.testng.SuiteRunner.runSequentially(SuiteRunner.java:450)
at org.testng.SuiteRunner.privateRun(SuiteRunner.java:415)
at org.testng.SuiteRunner.run(SuiteRunner.java:364)
at org.testng.SuiteRunnerWorker.runSuite(SuiteRunnerWorker.java:52)
at org.testng.SuiteRunnerWorker.run(SuiteRunnerWorker.java:84)
at org.testng.TestNG.runSuitesSequentially(TestNG.java:1208)
at org.testng.TestNG.runSuitesLocally(TestNG.java:1137)
at org.testng.TestNG.runSuites(TestNG.java:1049)
at org.testng.TestNG.run(TestNG.java:1017)
at org.testng.remote.AbstractRemoteTestNG.run(AbstractRemoteTestNG.java:115)
at org.testng.remote.RemoteTestNG.initAndRun(RemoteTestNG.java:251)
at org.testng.remote.RemoteTestNG.main(RemoteTestNG.java:77)
]]>
            </full-stacktrace>
          </exception> <!-- java.lang.AssertionError -->
          <reporter-output>
          </reporter-output>
        </test-method> <!-- ValidUserShouldBeAbleToAccessAddCustomerMenu -->
      </class> <!-- com.TF_ibilling.testCases.TC_TransactionTest_003 -->
    </test> <!-- TC_LoginTest_001 -->
  </suite> <!-- TF_IBilling_Regression2 -->
</testng-results>
